
*** Running vivado
    with args -log multiplier_vhdl.vds -m64 -product Vivado -mode batch -messageDb vivado.pb -notrace -source multiplier_vhdl.tcl


****** Vivado v2018.2.1 (64-bit)
  **** SW Build 2288692 on Thu Jul 26 18:24:02 MDT 2018
  **** IP Build 2289599 on Thu Jul 26 21:09:20 MDT 2018
    ** Copyright 1986-2018 Xilinx, Inc. All Rights Reserved.

source multiplier_vhdl.tcl -notrace
Command: synth_design -top multiplier_vhdl -part xc7a35tcpg236-1
Starting synth_design
Attempting to get a license for feature 'Synthesis' and/or device 'xc7a35t'
INFO: [Common 17-349] Got license for feature 'Synthesis' and/or device 'xc7a35t'
INFO: Launching helper process for spawning children vivado processes
INFO: Helper process launched with PID 7780 
---------------------------------------------------------------------------------
Starting RTL Elaboration : Time (s): cpu = 00:00:02 ; elapsed = 00:00:02 . Memory (MB): peak = 429.590 ; gain = 94.855
---------------------------------------------------------------------------------
INFO: [Synth 8-638] synthesizing module 'multiplier_vhdl' [X:/SAP/lab4/lab4.srcs/sources_1/imports/tmp/multiplier.vhd:27]
INFO: [Synth 8-3491] module 'decoder_7seg' declared at 'X:/SAP/lab4/lab4.srcs/sources_1/imports/SAP/decoder_mix.vhd:4' bound to instance 'inst_decoder_7seg_0' of component 'decoder_7seg' [X:/SAP/lab4/lab4.srcs/sources_1/imports/tmp/multiplier.vhd:97]
INFO: [Synth 8-638] synthesizing module 'decoder_7seg' [X:/SAP/lab4/lab4.srcs/sources_1/imports/SAP/decoder_mix.vhd:20]
INFO: [Synth 8-226] default block is never used [X:/SAP/lab4/lab4.srcs/sources_1/imports/SAP/decoder_mix.vhd:113]
INFO: [Synth 8-226] default block is never used [X:/SAP/lab4/lab4.srcs/sources_1/imports/SAP/decoder_mix.vhd:135]
INFO: [Synth 8-226] default block is never used [X:/SAP/lab4/lab4.srcs/sources_1/imports/SAP/decoder_mix.vhd:157]
INFO: [Synth 8-226] default block is never used [X:/SAP/lab4/lab4.srcs/sources_1/imports/SAP/decoder_mix.vhd:179]
INFO: [Synth 8-256] done synthesizing module 'decoder_7seg' (1#1) [X:/SAP/lab4/lab4.srcs/sources_1/imports/SAP/decoder_mix.vhd:20]
INFO: [Synth 8-3491] module 'multiplier_2x2' declared at 'X:/SAP/lab4/lab4.srcs/sources_1/imports/SAP/multiplier_2x2.vhd:6' bound to instance 'inst_multiplier_2x2_0' of component 'multiplier_2x2' [X:/SAP/lab4/lab4.srcs/sources_1/imports/tmp/multiplier.vhd:116]
INFO: [Synth 8-638] synthesizing module 'multiplier_2x2' [X:/SAP/lab4/lab4.srcs/sources_1/imports/SAP/multiplier_2x2.vhd:16]
INFO: [Synth 8-256] done synthesizing module 'multiplier_2x2' (2#1) [X:/SAP/lab4/lab4.srcs/sources_1/imports/SAP/multiplier_2x2.vhd:16]
INFO: [Synth 8-256] done synthesizing module 'multiplier_vhdl' (3#1) [X:/SAP/lab4/lab4.srcs/sources_1/imports/tmp/multiplier.vhd:27]
WARNING: [Synth 8-3917] design multiplier_vhdl has port AN0 driven by constant 0
WARNING: [Synth 8-3917] design multiplier_vhdl has port AN1 driven by constant 1
WARNING: [Synth 8-3917] design multiplier_vhdl has port AN2 driven by constant 1
WARNING: [Synth 8-3917] design multiplier_vhdl has port AN3 driven by constant 1
---------------------------------------------------------------------------------
Finished RTL Elaboration : Time (s): cpu = 00:00:03 ; elapsed = 00:00:03 . Memory (MB): peak = 485.133 ; gain = 150.398
---------------------------------------------------------------------------------

Report Check Netlist: 
+------+------------------+-------+---------+-------+------------------+
|      |Item              |Errors |Warnings |Status |Description       |
+------+------------------+-------+---------+-------+------------------+
|1     |multi_driven_nets |      0|        0|Passed |Multi driven nets |
+------+------------------+-------+---------+-------+------------------+
---------------------------------------------------------------------------------
Start Handling Custom Attributes
---------------------------------------------------------------------------------
---------------------------------------------------------------------------------
Finished Handling Custom Attributes : Time (s): cpu = 00:00:03 ; elapsed = 00:00:04 . Memory (MB): peak = 485.133 ; gain = 150.398
---------------------------------------------------------------------------------
---------------------------------------------------------------------------------
Finished RTL Optimization Phase 1 : Time (s): cpu = 00:00:03 ; elapsed = 00:00:04 . Memory (MB): peak = 485.133 ; gain = 150.398
---------------------------------------------------------------------------------
INFO: [Device 21-403] Loading part xc7a35tcpg236-1
INFO: [Project 1-570] Preparing netlist for logic optimization

Processing XDC Constraints
Initializing timing engine
Parsing XDC File [X:/SAP/lab4/lab4.srcs/constrs_1/new/multiplier.xdc]
Finished Parsing XDC File [X:/SAP/lab4/lab4.srcs/constrs_1/new/multiplier.xdc]
INFO: [Project 1-236] Implementation specific constraints were found while reading constraint file [X:/SAP/lab4/lab4.srcs/constrs_1/new/multiplier.xdc]. These constraints will be ignored for synthesis but will be used in implementation. Impacted constraints are listed in the file [.Xil/multiplier_vhdl_propImpl.xdc].
Resolution: To avoid this warning, move constraints listed in [.Xil/multiplier_vhdl_propImpl.xdc] to another XDC file and exclude this new file from synthesis with the used_in_synthesis property (File Properties dialog in GUI) and re-run elaboration/synthesis.
Completed Processing XDC Constraints

INFO: [Project 1-111] Unisim Transformation Summary:
No Unisim elements were transformed.

Constraint Validation Runtime : Time (s): cpu = 00:00:00 ; elapsed = 00:00:00.021 . Memory (MB): peak = 809.395 ; gain = 0.000
---------------------------------------------------------------------------------
Finished Constraint Validation : Time (s): cpu = 00:00:10 ; elapsed = 00:00:20 . Memory (MB): peak = 809.395 ; gain = 474.660
---------------------------------------------------------------------------------
---------------------------------------------------------------------------------
Start Loading Part and Timing Information
---------------------------------------------------------------------------------
Loading part: xc7a35tcpg236-1
---------------------------------------------------------------------------------
Finished Loading Part and Timing Information : Time (s): cpu = 00:00:10 ; elapsed = 00:00:20 . Memory (MB): peak = 809.395 ; gain = 474.660
---------------------------------------------------------------------------------
---------------------------------------------------------------------------------
Start Applying 'set_property' XDC Constraints
---------------------------------------------------------------------------------
---------------------------------------------------------------------------------
Finished applying 'set_property' XDC Constraints : Time (s): cpu = 00:00:10 ; elapsed = 00:00:20 . Memory (MB): peak = 809.395 ; gain = 474.660
---------------------------------------------------------------------------------
---------------------------------------------------------------------------------
Finished RTL Optimization Phase 2 : Time (s): cpu = 00:00:10 ; elapsed = 00:00:21 . Memory (MB): peak = 809.395 ; gain = 474.660
---------------------------------------------------------------------------------

Report RTL Partitions: 
+-+--------------+------------+----------+
| |RTL Partition |Replication |Instances |
+-+--------------+------------+----------+
+-+--------------+------------+----------+
---------------------------------------------------------------------------------
Start RTL Component Statistics 
---------------------------------------------------------------------------------
Detailed RTL Component Info : 
+---Muxes : 
	  16 Input      1 Bit        Muxes := 4     
---------------------------------------------------------------------------------
Finished RTL Component Statistics 
---------------------------------------------------------------------------------
---------------------------------------------------------------------------------
Start RTL Hierarchical Component Statistics 
---------------------------------------------------------------------------------
Hierarchical RTL Component report 
Module decoder_7seg 
Detailed RTL Component Info : 
+---Muxes : 
	  16 Input      1 Bit        Muxes := 4     
---------------------------------------------------------------------------------
Finished RTL Hierarchical Component Statistics
---------------------------------------------------------------------------------
---------------------------------------------------------------------------------
Start Part Resource Summary
---------------------------------------------------------------------------------
Part Resources:
DSPs: 90 (col length:60)
BRAMs: 100 (col length: RAMB18 60 RAMB36 30)
---------------------------------------------------------------------------------
Finished Part Resource Summary
---------------------------------------------------------------------------------
---------------------------------------------------------------------------------
Start Cross Boundary and Area Optimization
---------------------------------------------------------------------------------
Warning: Parallel synthesis criteria is not met 
WARNING: [Synth 8-3917] design multiplier_vhdl has port AN0 driven by constant 0
WARNING: [Synth 8-3917] design multiplier_vhdl has port AN1 driven by constant 1
WARNING: [Synth 8-3917] design multiplier_vhdl has port AN2 driven by constant 1
WARNING: [Synth 8-3917] design multiplier_vhdl has port AN3 driven by constant 1
---------------------------------------------------------------------------------
Finished Cross Boundary and Area Optimization : Time (s): cpu = 00:00:11 ; elapsed = 00:00:22 . Memory (MB): peak = 809.395 ; gain = 474.660
---------------------------------------------------------------------------------

Report RTL Partitions: 
+-+--------------+------------+----------+
| |RTL Partition |Replication |Instances |
+-+--------------+------------+----------+
+-+--------------+------------+----------+
---------------------------------------------------------------------------------
Start Applying XDC Timing Constraints
---------------------------------------------------------------------------------
---------------------------------------------------------------------------------
Finished Applying XDC Timing Constraints : Time (s): cpu = 00:00:17 ; elapsed = 00:00:30 . Memory (MB): peak = 809.395 ; gain = 474.660
---------------------------------------------------------------------------------
---------------------------------------------------------------------------------
Start Timing Optimization
---------------------------------------------------------------------------------
---------------------------------------------------------------------------------
Finished Timing Optimization : Time (s): cpu = 00:00:17 ; elapsed = 00:00:30 . Memory (MB): peak = 809.395 ; gain = 474.660
---------------------------------------------------------------------------------

Report RTL Partitions: 
+-+--------------+------------+----------+
| |RTL Partition |Replication |Instances |
+-+--------------+------------+----------+
+-+--------------+------------+----------+
---------------------------------------------------------------------------------
Start Technology Mapping
---------------------------------------------------------------------------------
---------------------------------------------------------------------------------
Finished Technology Mapping : Time (s): cpu = 00:00:17 ; elapsed = 00:00:30 . Memory (MB): peak = 809.395 ; gain = 474.660
---------------------------------------------------------------------------------

Report RTL Partitions: 
+-+--------------+------------+----------+
| |RTL Partition |Replication |Instances |
+-+--------------+------------+----------+
+-+--------------+------------+----------+
---------------------------------------------------------------------------------
Start IO Insertion
---------------------------------------------------------------------------------
---------------------------------------------------------------------------------
Start Flattening Before IO Insertion
---------------------------------------------------------------------------------
---------------------------------------------------------------------------------
Finished Flattening Before IO Insertion
---------------------------------------------------------------------------------
---------------------------------------------------------------------------------
Start Final Netlist Cleanup
---------------------------------------------------------------------------------
---------------------------------------------------------------------------------
Finished Final Netlist Cleanup
---------------------------------------------------------------------------------
---------------------------------------------------------------------------------
Finished IO Insertion : Time (s): cpu = 00:00:18 ; elapsed = 00:00:31 . Memory (MB): peak = 810.371 ; gain = 475.637
---------------------------------------------------------------------------------

Report Check Netlist: 
+------+------------------+-------+---------+-------+------------------+
|      |Item              |Errors |Warnings |Status |Description       |
+------+------------------+-------+---------+-------+------------------+
|1     |multi_driven_nets |      0|        0|Passed |Multi driven nets |
+------+------------------+-------+---------+-------+------------------+
---------------------------------------------------------------------------------
Start Renaming Generated Instances
---------------------------------------------------------------------------------
---------------------------------------------------------------------------------
Finished Renaming Generated Instances : Time (s): cpu = 00:00:18 ; elapsed = 00:00:31 . Memory (MB): peak = 810.371 ; gain = 475.637
---------------------------------------------------------------------------------

Report RTL Partitions: 
+-+--------------+------------+----------+
| |RTL Partition |Replication |Instances |
+-+--------------+------------+----------+
+-+--------------+------------+----------+
---------------------------------------------------------------------------------
Start Rebuilding User Hierarchy
---------------------------------------------------------------------------------
---------------------------------------------------------------------------------
Finished Rebuilding User Hierarchy : Time (s): cpu = 00:00:18 ; elapsed = 00:00:31 . Memory (MB): peak = 810.371 ; gain = 475.637
---------------------------------------------------------------------------------
---------------------------------------------------------------------------------
Start Renaming Generated Ports
---------------------------------------------------------------------------------
---------------------------------------------------------------------------------
Finished Renaming Generated Ports : Time (s): cpu = 00:00:18 ; elapsed = 00:00:31 . Memory (MB): peak = 810.371 ; gain = 475.637
---------------------------------------------------------------------------------
---------------------------------------------------------------------------------
Start Handling Custom Attributes
---------------------------------------------------------------------------------
---------------------------------------------------------------------------------
Finished Handling Custom Attributes : Time (s): cpu = 00:00:18 ; elapsed = 00:00:31 . Memory (MB): peak = 810.371 ; gain = 475.637
---------------------------------------------------------------------------------
---------------------------------------------------------------------------------
Start Renaming Generated Nets
---------------------------------------------------------------------------------
---------------------------------------------------------------------------------
Finished Renaming Generated Nets : Time (s): cpu = 00:00:18 ; elapsed = 00:00:31 . Memory (MB): peak = 810.371 ; gain = 475.637
---------------------------------------------------------------------------------
---------------------------------------------------------------------------------
Start Writing Synthesis Report
---------------------------------------------------------------------------------

Report BlackBoxes: 
+-+--------------+----------+
| |BlackBox name |Instances |
+-+--------------+----------+
+-+--------------+----------+

Report Cell Usage: 
+------+-----+------+
|      |Cell |Count |
+------+-----+------+
|1     |LUT4 |     7|
|2     |IBUF |     4|
|3     |OBUF |    11|
+------+-----+------+

Report Instance Areas: 
+------+----------------------+-------------+------+
|      |Instance              |Module       |Cells |
+------+----------------------+-------------+------+
|1     |top                   |             |    22|
|2     |  inst_decoder_7seg_0 |decoder_7seg |     7|
+------+----------------------+-------------+------+
---------------------------------------------------------------------------------
Finished Writing Synthesis Report : Time (s): cpu = 00:00:18 ; elapsed = 00:00:31 . Memory (MB): peak = 810.371 ; gain = 475.637
---------------------------------------------------------------------------------
Synthesis finished with 0 errors, 0 critical warnings and 4 warnings.
Synthesis Optimization Runtime : Time (s): cpu = 00:00:10 ; elapsed = 00:00:17 . Memory (MB): peak = 810.375 ; gain = 151.379
Synthesis Optimization Complete : Time (s): cpu = 00:00:18 ; elapsed = 00:00:31 . Memory (MB): peak = 810.375 ; gain = 475.641
INFO: [Project 1-571] Translating synthesized netlist
INFO: [Netlist 29-17] Analyzing 4 Unisim elements for replacement
INFO: [Netlist 29-28] Unisim Transformation completed in 0 CPU seconds
INFO: [Project 1-570] Preparing netlist for logic optimization
INFO: [Opt 31-138] Pushed 0 inverter(s) to 0 load pin(s).
INFO: [Project 1-111] Unisim Transformation Summary:
No Unisim elements were transformed.

INFO: [Common 17-83] Releasing license: Synthesis
24 Infos, 8 Warnings, 0 Critical Warnings and 0 Errors encountered.
synth_design completed successfully
synth_design: Time (s): cpu = 00:00:20 ; elapsed = 00:00:33 . Memory (MB): peak = 828.168 ; gain = 505.906
WARNING: [Constraints 18-5210] No constraint will be written out.
INFO: [Common 17-1381] The checkpoint 'X:/SAP/lab4/lab4.runs/synth_1/multiplier_vhdl.dcp' has been generated.
INFO: [runtcl-4] Executing : report_utilization -file multiplier_vhdl_utilization_synth.rpt -pb multiplier_vhdl_utilization_synth.pb
report_utilization: Time (s): cpu = 00:00:00 ; elapsed = 00:00:00.044 . Memory (MB): peak = 828.168 ; gain = 0.000
INFO: [Common 17-206] Exiting Vivado at Tue Mar  8 08:04:05 2022...
