Copyright 1986-2018 Xilinx, Inc. All Rights Reserved.
-------------------------------------------------------------------------------------------
| Tool Version : Vivado v.2018.2.1 (win64) Build 2288692 Thu Jul 26 18:24:02 MDT 2018
| Date         : Tue Apr  5 08:05:30 2022
| Host         : PC-1042-118 running 64-bit major release  (build 9200)
| Command      : report_control_sets -verbose -file code_lock_vhdl_control_sets_placed.rpt
| Design       : code_lock_vhdl
| Device       : xc7a35t
-------------------------------------------------------------------------------------------

Control Set Information

Table of Contents
-----------------
1. Summary
2. Histogram
3. Flip-Flop Distribution
4. Detailed Control Set Information

1. Summary
----------

+----------------------------------------------------------+-------+
|                          Status                          | Count |
+----------------------------------------------------------+-------+
| Number of unique control sets                            |     7 |
| Unused register locations in slices containing registers |    30 |
+----------------------------------------------------------+-------+


2. Histogram
------------

+--------+--------------+
| Fanout | Control Sets |
+--------+--------------+
|      2 |            3 |
|    16+ |            4 |
+--------+--------------+


3. Flip-Flop Distribution
-------------------------

+--------------+-----------------------+------------------------+-----------------+--------------+
| Clock Enable | Synchronous Set/Reset | Asynchronous Set/Reset | Total Registers | Total Slices |
+--------------+-----------------------+------------------------+-----------------+--------------+
| No           | No                    | No                     |              24 |            3 |
| No           | No                    | Yes                    |               0 |            0 |
| No           | Yes                   | No                     |               0 |            0 |
| Yes          | No                    | No                     |               6 |            3 |
| Yes          | No                    | Yes                    |               0 |            0 |
| Yes          | Yes                   | No                     |             132 |           18 |
+--------------+-----------------------+------------------------+-----------------+--------------+


4. Detailed Control Set Information
-----------------------------------

+----------------+---------------------------------------------+---------------------------------------------+------------------+----------------+
|  Clock Signal  |                Enable Signal                |               Set/Reset Signal              | Slice Load Count | Bel Load Count |
+----------------+---------------------------------------------+---------------------------------------------+------------------+----------------+
|  clk_IBUF_BUFG | inst_button_vhdl_0/debounce_0/reset_reg_n_0 |                                             |                1 |              2 |
|  clk_IBUF_BUFG | inst_button_vhdl_1/debounce_0/reset_reg_n_0 |                                             |                1 |              2 |
|  clk_IBUF_BUFG | inst_button_vhdl_2/debounce_0/reset_reg_n_0 |                                             |                1 |              2 |
|  clk_IBUF_BUFG |                                             |                                             |                3 |             24 |
|  clk_IBUF_BUFG | inst_button_vhdl_0/debounce_0/ce            | inst_button_vhdl_0/debounce_0/reset_reg_n_0 |                6 |             44 |
|  clk_IBUF_BUFG | inst_button_vhdl_1/debounce_0/ce            | inst_button_vhdl_1/debounce_0/reset_reg_n_0 |                6 |             44 |
|  clk_IBUF_BUFG | inst_button_vhdl_2/debounce_0/ce            | inst_button_vhdl_2/debounce_0/reset_reg_n_0 |                6 |             44 |
+----------------+---------------------------------------------+---------------------------------------------+------------------+----------------+


