#-----------------------------------------------------------
# Vivado v2018.2 (64-bit)
# SW Build 2258646 on Thu Jun 14 20:03:12 MDT 2018
# IP Build 2256618 on Thu Jun 14 22:10:49 MDT 2018
# Start of session at: Wed Mar  2 21:10:40 2022
# Process ID: 14904
# Current directory: X:/SAP/adder
# Command line: vivado.exe -gui_launcher_event rodinguilauncherevent12076 X:\SAP\adder\adder.xpr
# Log file: X:/SAP/adder/vivado.log
# Journal file: X:/SAP/adder\vivado.jou
#-----------------------------------------------------------
start_gui
open_project X:/SAP/adder/adder.xpr
Scanning sources...
Finished scanning sources
INFO: [IP_Flow 19-234] Refreshing IP repositories
INFO: [IP_Flow 19-1700] Loaded user IP repository 'x:/SAP/lib_SAP_2022_02_02'.
INFO: [IP_Flow 19-2313] Loaded Vivado IP repository 'C:/Xilinx/Vivado/2018.2/data/ip'.
open_project: Time (s): cpu = 00:00:20 ; elapsed = 00:00:16 . Memory (MB): peak = 819.098 ; gain = 99.090
update_compile_order -fileset sources_1
exit
INFO: [Common 17-206] Exiting Vivado at Wed Mar  2 21:12:34 2022...
_1/imports/tmp/adder4.vhd]
update_compile_order -fileset sources_1
update_compile_order -fileset sources_1
exit
INFO: [Common 17-206] Exiting Vivado at Wed Mar  2 21:12:30 2022...
