#-----------------------------------------------------------
# Vivado v2018.2.1 (64-bit)
# SW Build 2288692 on Thu Jul 26 18:24:02 MDT 2018
# IP Build 2289599 on Thu Jul 26 21:09:20 MDT 2018
# Start of session at: Tue Feb 22 07:38:11 2022
# Process ID: 12504
# Current directory: X:/SAP/adder
# Command line: vivado.exe -gui_launcher_event rodinguilauncherevent8380 X:\SAP\adder\adder.xpr
# Log file: X:/SAP/adder/vivado.log
# Journal file: X:/SAP/adder\vivado.jou
#-----------------------------------------------------------
start_gui
open_project X:/SAP/adder/adder.xpr
INFO: [Project 1-313] Project file moved from 'C:/Users/tomnovota/Desktop/V/SAP/adder' since last save.
Scanning sources...
Finished scanning sources
WARNING: [filemgmt 56-2] IP Repository Path: Could not find the directory 'X:/../VŠ/SAP/lib_SAP_2022_02_02', nor could it be found using path 'C:/Users/tomnovota/Desktop/VŠ/SAP/lib_SAP_2022_02_02'.
INFO: [IP_Flow 19-234] Refreshing IP repositories
WARNING: [IP_Flow 19-2248] Failed to load user IP repository 'x:VŠ/SAP/lib_SAP_2022_02_02'; Can't find the specified path.
If this directory should no longer be in your list of user repositories, go to the IP Settings dialog and remove it.
INFO: [IP_Flow 19-2313] Loaded Vivado IP repository 'C:/Xilinx/Vivado/2018.2/data/ip'.
WARNING: [BD 41-1661] One or more IPs have been locked in the design 'adder.bd'. Please run report_ip_status for more details and recommendations on how to fix this issue.
List of locked IPs:
adder_and_0_0
adder_and_1_0
adder_and_0_1
adder_or_0_0
adder_xor_0_0
adder_xor_1_0
adder_xor_0_1
adder_and_0_2
adder_and_1_1
adder_or_0_1
adder_xor_0_2
adder_xor_1_1
adder_and_0_3
adder_and_1_2
adder_or_0_2
adder_xor_0_3
adder_xor_1_2
adder_and_1_3
adder_or_0_3
adder_xor_1_3

open_project: Time (s): cpu = 00:00:10 ; elapsed = 00:00:12 . Memory (MB): peak = 846.289 ; gain = 126.367
update_compile_order -fileset sources_1
open_bd_design {X:/SAP/adder/adder.srcs/sources_1/bd/adder/adder.bd}
Adding cell -- FIT:user:and:1.0 - and_0
Adding cell -- FIT:user:and:1.0 - and_1
Adding cell -- FIT:user:or:1.0 - or_0
Adding cell -- FIT:user:xor:1.0 - xor_0
Adding cell -- FIT:user:xor:1.0 - xor_1
Adding cell -- FIT:user:and:1.0 - and_2
Adding cell -- FIT:user:and:1.0 - and_3
Adding cell -- FIT:user:or:1.0 - or_1
Adding cell -- FIT:user:xor:1.0 - xor_2
Adding cell -- FIT:user:xor:1.0 - xor_3
Adding cell -- FIT:user:and:1.0 - and_4
Adding cell -- FIT:user:and:1.0 - and_5
Adding cell -- FIT:user:or:1.0 - or_2
Adding cell -- FIT:user:xor:1.0 - xor_4
Adding cell -- FIT:user:xor:1.0 - xor_5
Adding cell -- FIT:user:and:1.0 - and_6
Adding cell -- FIT:user:and:1.0 - and_7
Adding cell -- FIT:user:or:1.0 - or_3
Adding cell -- FIT:user:xor:1.0 - xor_6
Adding cell -- FIT:user:xor:1.0 - xor_7
Successfully read diagram <adder> from BD file <X:/SAP/adder/adder.srcs/sources_1/bd/adder/adder.bd>
open_bd_design: Time (s): cpu = 00:00:08 ; elapsed = 00:00:07 . Memory (MB): peak = 942.844 ; gain = 76.707
exit
INFO: [Common 17-206] Exiting Vivado at Tue Feb 22 07:42:19 2022...
