#-----------------------------------------------------------
# Vivado v2018.2 (64-bit)
# SW Build 2258646 on Thu Jun 14 20:03:12 MDT 2018
# IP Build 2256618 on Thu Jun 14 22:10:49 MDT 2018
# Start of session at: Sun Mar  6 00:51:30 2022
# Process ID: 16960
# Current directory: X:/SAP/lab3
# Command line: vivado.exe -gui_launcher_event rodinguilauncherevent4668 X:\SAP\lab3\lab3.xpr
# Log file: X:/SAP/lab3/vivado.log
# Journal file: X:/SAP/lab3\vivado.jou
#-----------------------------------------------------------
start_gui
open_project X:/SAP/lab3/lab3.xpr
Scanning sources...
Finished scanning sources
INFO: [IP_Flow 19-234] Refreshing IP repositories
INFO: [IP_Flow 19-1700] Loaded user IP repository 'x:/SAP/lib_SAP_2022_02_02'.
INFO: [IP_Flow 19-2313] Loaded Vivado IP repository 'C:/Xilinx/Vivado/2018.2/data/ip'.
open_project: Time (s): cpu = 00:00:08 ; elapsed = 00:00:25 . Memory (MB): peak = 822.027 ; gain = 91.340
update_compile_order -fileset sources_1
exit
INFO: [Common 17-206] Exiting Vivado at Sun Mar  6 01:04:00 2022...
