#-----------------------------------------------------------
# Vivado v2018.2.1 (64-bit)
# SW Build 2288692 on Thu Jul 26 18:24:02 MDT 2018
# IP Build 2289599 on Thu Jul 26 21:09:20 MDT 2018
# Start of session at: Tue Mar 15 08:22:06 2022
# Process ID: 14732
# Current directory: X:/SAP/lab3
# Command line: vivado.exe -gui_launcher_event rodinguilauncherevent4164 X:\SAP\lab3\lab3.xpr
# Log file: X:/SAP/lab3/vivado.log
# Journal file: X:/SAP/lab3\vivado.jou
#-----------------------------------------------------------
start_gui
open_project X:/SAP/lab3/lab3.xpr
Scanning sources...
Finished scanning sources
INFO: [IP_Flow 19-234] Refreshing IP repositories
INFO: [IP_Flow 19-1700] Loaded user IP repository 'x:/SAP/lib_SAP_2022_02_02'.
INFO: [IP_Flow 19-2313] Loaded Vivado IP repository 'C:/Xilinx/Vivado/2018.2/data/ip'.
open_project: Time (s): cpu = 00:00:11 ; elapsed = 00:00:09 . Memory (MB): peak = 882.113 ; gain = 167.754
update_compile_order -fileset sources_1
exit
INFO: [Common 17-206] Exiting Vivado at Tue Mar 15 08:25:07 2022...
